[27-May-2025 14:04:17 Europe/Helsinki] Creating product with data: Array
(
    [title] => NU så
    [special_price] => 1
    [rare] => 1
    [recommended] => 1
)

[26-May-2025 14:12:16 Europe/Helsinki] PHP Warning:  Undefined array key "product_images_path" in C:\laragon\www\Prog23\lagerhanteringssystem\admin\addproduct.php on line 230
[26-May-2025 14:12:16 Europe/Helsinki] PHP Fatal error:  Uncaught TypeError: ImageProcessor::__construct(): Argument #2 ($uploadDir) must be of type string, array given, called in C:\laragon\www\Prog23\lagerhanteringssystem\admin\addproduct.php on line 231 and defined in C:\laragon\www\Prog23\lagerhanteringssystem\includes\ImageProcessor.php:21
Stack trace:
#0 C:\laragon\www\Prog23\lagerhanteringssystem\admin\addproduct.php(231): ImageProcessor->__construct(Object(PDO), Array)
#1 {main}
  thrown in C:\laragon\www\Prog23\lagerhanteringssystem\includes\ImageProcessor.php on line 21
[26-May-2025 14:12:16 Europe/Helsinki] PHP Warning:  Undefined array key "product_images_path" in C:\laragon\www\Prog23\lagerhanteringssystem\admin\addproduct.php on line 230
[26-May-2025 14:12:16 Europe/Helsinki] PHP Fatal error:  Uncaught TypeError: ImageProcessor::__construct(): Argument #2 ($uploadDir) must be of type string, array given, called in C:\laragon\www\Prog23\lagerhanteringssystem\admin\addproduct.php on line 231 and defined in C:\laragon\www\Prog23\lagerhanteringssystem\includes\ImageProcessor.php:21
Stack trace:
#0 C:\laragon\www\Prog23\lagerhanteringssystem\admin\addproduct.php(231): ImageProcessor->__construct(Object(PDO), Array)
#1 {main}
  thrown in C:\laragon\www\Prog23\lagerhanteringssystem\includes\ImageProcessor.php on line 21
[26-May-2025 14:33:46 Europe/Helsinki] PHP Warning:  Undefined array key "product_images_path" in C:\laragon\www\prog23\lagerhanteringssystem\admin\addproduct.php on line 230
[26-May-2025 14:33:46 Europe/Helsinki] PHP Fatal error:  Uncaught TypeError: ImageProcessor::__construct(): Argument #2 ($uploadDir) must be of type string, array given, called in C:\laragon\www\prog23\lagerhanteringssystem\admin\addproduct.php on line 231 and defined in C:\laragon\www\prog23\lagerhanteringssystem\includes\ImageProcessor.php:21
Stack trace:
#0 C:\laragon\www\prog23\lagerhanteringssystem\admin\addproduct.php(231): ImageProcessor->__construct(Object(PDO), Array)
#1 {main}
  thrown in C:\laragon\www\prog23\lagerhanteringssystem\includes\ImageProcessor.php on line 21
[26-May-2025 14:33:47 Europe/Helsinki] PHP Warning:  Undefined array key "product_images_path" in C:\laragon\www\prog23\lagerhanteringssystem\admin\addproduct.php on line 230
[26-May-2025 14:33:47 Europe/Helsinki] PHP Fatal error:  Uncaught TypeError: ImageProcessor::__construct(): Argument #2 ($uploadDir) must be of type string, array given, called in C:\laragon\www\prog23\lagerhanteringssystem\admin\addproduct.php on line 231 and defined in C:\laragon\www\prog23\lagerhanteringssystem\includes\ImageProcessor.php:21
Stack trace:
#0 C:\laragon\www\prog23\lagerhanteringssystem\admin\addproduct.php(231): ImageProcessor->__construct(Object(PDO), Array)
#1 {main}
  thrown in C:\laragon\www\prog23\lagerhanteringssystem\includes\ImageProcessor.php on line 21
[26-May-2025 14:33:49 Europe/Helsinki] PHP Warning:  Undefined array key "product_images_path" in C:\laragon\www\prog23\lagerhanteringssystem\admin\addproduct.php on line 230
[26-May-2025 14:33:49 Europe/Helsinki] PHP Fatal error:  Uncaught TypeError: ImageProcessor::__construct(): Argument #2 ($uploadDir) must be of type string, array given, called in C:\laragon\www\prog23\lagerhanteringssystem\admin\addproduct.php on line 231 and defined in C:\laragon\www\prog23\lagerhanteringssystem\includes\ImageProcessor.php:21
Stack trace:
#0 C:\laragon\www\prog23\lagerhanteringssystem\admin\addproduct.php(231): ImageProcessor->__construct(Object(PDO), Array)
#1 {main}
  thrown in C:\laragon\www\prog23\lagerhanteringssystem\includes\ImageProcessor.php on line 21
[26-May-2025 14:33:49 Europe/Helsinki] PHP Warning:  Undefined array key "product_images_path" in C:\laragon\www\prog23\lagerhanteringssystem\admin\addproduct.php on line 230
[26-May-2025 14:33:49 Europe/Helsinki] PHP Fatal error:  Uncaught TypeError: ImageProcessor::__construct(): Argument #2 ($uploadDir) must be of type string, array given, called in C:\laragon\www\prog23\lagerhanteringssystem\admin\addproduct.php on line 231 and defined in C:\laragon\www\prog23\lagerhanteringssystem\includes\ImageProcessor.php:21
Stack trace:
#0 C:\laragon\www\prog23\lagerhanteringssystem\admin\addproduct.php(231): ImageProcessor->__construct(Object(PDO), Array)
#1 {main}
  thrown in C:\laragon\www\prog23\lagerhanteringssystem\includes\ImageProcessor.php on line 21
[26-May-2025 14:33:54 Europe/Helsinki] PHP Warning:  Undefined array key "product_images_path" in C:\laragon\www\prog23\lagerhanteringssystem\admin\addproduct.php on line 230
[26-May-2025 14:33:54 Europe/Helsinki] PHP Fatal error:  Uncaught TypeError: ImageProcessor::__construct(): Argument #2 ($uploadDir) must be of type string, array given, called in C:\laragon\www\prog23\lagerhanteringssystem\admin\addproduct.php on line 231 and defined in C:\laragon\www\prog23\lagerhanteringssystem\includes\ImageProcessor.php:21
Stack trace:
#0 C:\laragon\www\prog23\lagerhanteringssystem\admin\addproduct.php(231): ImageProcessor->__construct(Object(PDO), Array)
#1 {main}
  thrown in C:\laragon\www\prog23\lagerhanteringssystem\includes\ImageProcessor.php on line 21
[26-May-2025 14:33:54 Europe/Helsinki] PHP Warning:  Undefined array key "product_images_path" in C:\laragon\www\prog23\lagerhanteringssystem\admin\addproduct.php on line 230
[26-May-2025 14:33:54 Europe/Helsinki] PHP Fatal error:  Uncaught TypeError: ImageProcessor::__construct(): Argument #2 ($uploadDir) must be of type string, array given, called in C:\laragon\www\prog23\lagerhanteringssystem\admin\addproduct.php on line 231 and defined in C:\laragon\www\prog23\lagerhanteringssystem\includes\ImageProcessor.php:21
Stack trace:
#0 C:\laragon\www\prog23\lagerhanteringssystem\admin\addproduct.php(231): ImageProcessor->__construct(Object(PDO), Array)
#1 {main}
  thrown in C:\laragon\www\prog23\lagerhanteringssystem\includes\ImageProcessor.php on line 21
[26-May-2025 14:44:42 Europe/Helsinki] New newsletter subscription: lesya.maurin@gmail.com at 2025-05-26 14:44:42
[26-May-2025 14:45:28 Europe/Helsinki] New newsletter subscription: lesya.maurin@gmail.comm at 2025-05-26 14:45:28
[26-May-2025 15:32:32 Europe/Helsinki] PHP Warning:  Undefined array key "product_images_path" in C:\laragon\www\prog23\lagerhanteringssystem\admin\addproduct.php on line 230
[26-May-2025 15:32:32 Europe/Helsinki] PHP Fatal error:  Uncaught TypeError: ImageProcessor::__construct(): Argument #2 ($uploadDir) must be of type string, array given, called in C:\laragon\www\prog23\lagerhanteringssystem\admin\addproduct.php on line 231 and defined in C:\laragon\www\prog23\lagerhanteringssystem\includes\ImageProcessor.php:21
Stack trace:
#0 C:\laragon\www\prog23\lagerhanteringssystem\admin\addproduct.php(231): ImageProcessor->__construct(Object(PDO), Array)
#1 {main}
  thrown in C:\laragon\www\prog23\lagerhanteringssystem\includes\ImageProcessor.php on line 21
[26-May-2025 15:32:32 Europe/Helsinki] PHP Warning:  Undefined array key "product_images_path" in C:\laragon\www\prog23\lagerhanteringssystem\admin\addproduct.php on line 230
[26-May-2025 15:32:32 Europe/Helsinki] PHP Fatal error:  Uncaught TypeError: ImageProcessor::__construct(): Argument #2 ($uploadDir) must be of type string, array given, called in C:\laragon\www\prog23\lagerhanteringssystem\admin\addproduct.php on line 231 and defined in C:\laragon\www\prog23\lagerhanteringssystem\includes\ImageProcessor.php:21
Stack trace:
#0 C:\laragon\www\prog23\lagerhanteringssystem\admin\addproduct.php(231): ImageProcessor->__construct(Object(PDO), Array)
#1 {main}
  thrown in C:\laragon\www\prog23\lagerhanteringssystem\includes\ImageProcessor.php on line 21
[27-May-2025 10:24:39 Europe/Helsinki] New newsletter subscription: lesya.maurin@gmail.com at 2025-05-27 10:24:39
[27-May-2025 10:26:43 Europe/Helsinki] New newsletter subscription: lesya.maurin@gmail.com at 2025-05-27 10:26:43
[27-May-2025 10:27:13 Europe/Helsinki] New newsletter subscription: lesya.maurin@gmail.com at 2025-05-27 10:27:13
[27-May-2025 10:33:50 Europe/Helsinki] New newsletter subscription: lesya.maurin@gmail.com at 2025-05-27 10:33:50
[27-May-2025 10:34:35 Europe/Helsinki] New newsletter subscription: lesya.maurin@gmail.com at 2025-05-27 10:34:35
[27-May-2025 10:37:45 Europe/Helsinki] New newsletter subscription: lesya.maurin@gmail.com at 2025-05-27 10:37:45
[27-May-2025 10:40:17 Europe/Helsinki] New newsletter subscription: lesya.maurin@gmail.com at 2025-05-27 10:40:17
[27-May-2025 10:45:46 Europe/Helsinki] New newsletter subscription: lesya.maurin@gmail.com at 2025-05-27 10:45:46
[27-May-2025 10:47:38 Europe/Helsinki] New newsletter subscription: lesya.maurin@gmail.com at 2025-05-27 10:47:38
[27-May-2025 11:29:44 Europe/Helsinki] Attempting to get product with ID: 30
[27-May-2025 11:29:44 Europe/Helsinki] Successfully retrieved product: ABBA Gold: Greatest Hits
[27-May-2025 11:29:44 Europe/Helsinki] PHP Warning:  Undefined variable $productImages in C:\laragon\www\prog23\lagerhanteringssystem\admin\adminsingleproduct.php on line 525
[27-May-2025 11:29:44 Europe/Helsinki] PHP Warning:  foreach() argument must be of type array|object, null given in C:\laragon\www\prog23\lagerhanteringssystem\admin\adminsingleproduct.php on line 525
[27-May-2025 11:29:44 Europe/Helsinki] Attempting to get product with ID: 30
[27-May-2025 11:29:44 Europe/Helsinki] Successfully retrieved product: ABBA Gold: Greatest Hits
[27-May-2025 11:29:44 Europe/Helsinki] Error fetching product images: SQLSTATE[42S02]: Base table or view not found: 1146 Table 'ka_lagerhanteringssystem.product_image' doesn't exist
[27-May-2025 11:30:12 Europe/Helsinki] Attempting to get product with ID: 31
[27-May-2025 11:30:12 Europe/Helsinki] Successfully retrieved product: 25
[27-May-2025 11:30:12 Europe/Helsinki] PHP Warning:  Undefined variable $productImages in C:\laragon\www\prog23\lagerhanteringssystem\admin\adminsingleproduct.php on line 525
[27-May-2025 11:30:12 Europe/Helsinki] PHP Warning:  foreach() argument must be of type array|object, null given in C:\laragon\www\prog23\lagerhanteringssystem\admin\adminsingleproduct.php on line 525
[27-May-2025 11:30:12 Europe/Helsinki] Attempting to get product with ID: 31
[27-May-2025 11:30:12 Europe/Helsinki] Successfully retrieved product: 25
[27-May-2025 11:30:12 Europe/Helsinki] Error fetching product images: SQLSTATE[42S02]: Base table or view not found: 1146 Table 'ka_lagerhanteringssystem.product_image' doesn't exist
[27-May-2025 11:31:37 Europe/Helsinki] Attempting to get product with ID: 31
[27-May-2025 11:31:37 Europe/Helsinki] Successfully retrieved product: 25
[27-May-2025 11:31:37 Europe/Helsinki] PHP Warning:  Undefined variable $productImages in C:\laragon\www\prog23\lagerhanteringssystem\admin\adminsingleproduct.php on line 525
[27-May-2025 11:31:37 Europe/Helsinki] PHP Warning:  foreach() argument must be of type array|object, null given in C:\laragon\www\prog23\lagerhanteringssystem\admin\adminsingleproduct.php on line 525
[27-May-2025 11:31:37 Europe/Helsinki] Attempting to get product with ID: 31
[27-May-2025 11:31:37 Europe/Helsinki] Successfully retrieved product: 25
[27-May-2025 11:31:37 Europe/Helsinki] Error fetching product images: SQLSTATE[42S02]: Base table or view not found: 1146 Table 'ka_lagerhanteringssystem.product_image' doesn't exist
[27-May-2025 12:37:49 Europe/Helsinki] Attempting to get product with ID: 31
[27-May-2025 12:37:49 Europe/Helsinki] Successfully retrieved product: 25
[27-May-2025 12:37:49 Europe/Helsinki] PHP Warning:  Undefined variable $productImages in C:\laragon\www\prog23\lagerhanteringssystem\admin\adminsingleproduct.php on line 525
[27-May-2025 12:37:49 Europe/Helsinki] PHP Warning:  foreach() argument must be of type array|object, null given in C:\laragon\www\prog23\lagerhanteringssystem\admin\adminsingleproduct.php on line 525
[27-May-2025 12:37:49 Europe/Helsinki] Attempting to get product with ID: 31
[27-May-2025 12:37:49 Europe/Helsinki] Successfully retrieved product: 25
[27-May-2025 12:37:49 Europe/Helsinki] Error fetching product images: SQLSTATE[42S02]: Base table or view not found: 1146 Table 'ka_lagerhanteringssystem.product_image' doesn't exist
[27-May-2025 12:53:12 Europe/Helsinki] PHP Warning:  Undefined array key "product_images_path" in C:\laragon\www\prog23\lagerhanteringssystem\admin\addproduct.php on line 230
[27-May-2025 12:53:12 Europe/Helsinki] PHP Fatal error:  Uncaught TypeError: ImageProcessor::__construct(): Argument #2 ($uploadDir) must be of type string, array given, called in C:\laragon\www\prog23\lagerhanteringssystem\admin\addproduct.php on line 231 and defined in C:\laragon\www\prog23\lagerhanteringssystem\includes\ImageProcessor.php:21
Stack trace:
#0 C:\laragon\www\prog23\lagerhanteringssystem\admin\addproduct.php(231): ImageProcessor->__construct(Object(PDO), Array)
#1 {main}
  thrown in C:\laragon\www\prog23\lagerhanteringssystem\includes\ImageProcessor.php on line 21
[27-May-2025 12:53:12 Europe/Helsinki] PHP Warning:  Undefined array key "product_images_path" in C:\laragon\www\prog23\lagerhanteringssystem\admin\addproduct.php on line 230
[27-May-2025 12:53:12 Europe/Helsinki] PHP Fatal error:  Uncaught TypeError: ImageProcessor::__construct(): Argument #2 ($uploadDir) must be of type string, array given, called in C:\laragon\www\prog23\lagerhanteringssystem\admin\addproduct.php on line 231 and defined in C:\laragon\www\prog23\lagerhanteringssystem\includes\ImageProcessor.php:21
Stack trace:
#0 C:\laragon\www\prog23\lagerhanteringssystem\admin\addproduct.php(231): ImageProcessor->__construct(Object(PDO), Array)
#1 {main}
  thrown in C:\laragon\www\prog23\lagerhanteringssystem\includes\ImageProcessor.php on line 21
[27-May-2025 12:53:20 Europe/Helsinki] Attempting to get product with ID: 30
[27-May-2025 12:53:20 Europe/Helsinki] Successfully retrieved product: ABBA Gold: Greatest Hits
[27-May-2025 12:53:20 Europe/Helsinki] PHP Warning:  Undefined variable $productImages in C:\laragon\www\prog23\lagerhanteringssystem\admin\adminsingleproduct.php on line 525
[27-May-2025 12:53:20 Europe/Helsinki] PHP Warning:  foreach() argument must be of type array|object, null given in C:\laragon\www\prog23\lagerhanteringssystem\admin\adminsingleproduct.php on line 525
[27-May-2025 12:53:20 Europe/Helsinki] Attempting to get product with ID: 30
[27-May-2025 12:53:20 Europe/Helsinki] Successfully retrieved product: ABBA Gold: Greatest Hits
[27-May-2025 12:53:20 Europe/Helsinki] Error fetching product images: SQLSTATE[42S02]: Base table or view not found: 1146 Table 'ka_lagerhanteringssystem.product_image' doesn't exist
[27-May-2025 13:02:03 Europe/Helsinki] New newsletter subscription: lesya.maurin@gmail.com at 2025-05-27 13:02:03
[27-May-2025 13:18:17 Europe/Helsinki] PHP Warning:  Undefined array key "product_images_path" in C:\laragon\www\prog23\lagerhanteringssystem\admin\addproduct.php on line 230
[27-May-2025 13:18:17 Europe/Helsinki] PHP Fatal error:  Uncaught TypeError: ImageProcessor::__construct(): Argument #2 ($uploadDir) must be of type string, array given, called in C:\laragon\www\prog23\lagerhanteringssystem\admin\addproduct.php on line 231 and defined in C:\laragon\www\prog23\lagerhanteringssystem\includes\ImageProcessor.php:21
Stack trace:
#0 C:\laragon\www\prog23\lagerhanteringssystem\admin\addproduct.php(231): ImageProcessor->__construct(Object(PDO), Array)
#1 {main}
  thrown in C:\laragon\www\prog23\lagerhanteringssystem\includes\ImageProcessor.php on line 21
[27-May-2025 13:18:17 Europe/Helsinki] PHP Warning:  Undefined array key "product_images_path" in C:\laragon\www\prog23\lagerhanteringssystem\admin\addproduct.php on line 230
[27-May-2025 13:18:17 Europe/Helsinki] PHP Fatal error:  Uncaught TypeError: ImageProcessor::__construct(): Argument #2 ($uploadDir) must be of type string, array given, called in C:\laragon\www\prog23\lagerhanteringssystem\admin\addproduct.php on line 231 and defined in C:\laragon\www\prog23\lagerhanteringssystem\includes\ImageProcessor.php:21
Stack trace:
#0 C:\laragon\www\prog23\lagerhanteringssystem\admin\addproduct.php(231): ImageProcessor->__construct(Object(PDO), Array)
#1 {main}
  thrown in C:\laragon\www\prog23\lagerhanteringssystem\includes\ImageProcessor.php on line 21
[27-May-2025 13:19:02 Europe/Helsinki] PHP Warning:  Undefined array key "product_images_path" in C:\laragon\www\prog23\lagerhanteringssystem\admin\addproduct.php on line 230
[27-May-2025 13:19:02 Europe/Helsinki] PHP Fatal error:  Uncaught TypeError: ImageProcessor::__construct(): Argument #2 ($uploadDir) must be of type string, array given, called in C:\laragon\www\prog23\lagerhanteringssystem\admin\addproduct.php on line 231 and defined in C:\laragon\www\prog23\lagerhanteringssystem\includes\ImageProcessor.php:21
Stack trace:
#0 C:\laragon\www\prog23\lagerhanteringssystem\admin\addproduct.php(231): ImageProcessor->__construct(Object(PDO), Array)
#1 {main}
  thrown in C:\laragon\www\prog23\lagerhanteringssystem\includes\ImageProcessor.php on line 21
[27-May-2025 13:19:02 Europe/Helsinki] PHP Warning:  Undefined array key "product_images_path" in C:\laragon\www\prog23\lagerhanteringssystem\admin\addproduct.php on line 230
[27-May-2025 13:19:02 Europe/Helsinki] PHP Fatal error:  Uncaught TypeError: ImageProcessor::__construct(): Argument #2 ($uploadDir) must be of type string, array given, called in C:\laragon\www\prog23\lagerhanteringssystem\admin\addproduct.php on line 231 and defined in C:\laragon\www\prog23\lagerhanteringssystem\includes\ImageProcessor.php:21
Stack trace:
#0 C:\laragon\www\prog23\lagerhanteringssystem\admin\addproduct.php(231): ImageProcessor->__construct(Object(PDO), Array)
#1 {main}
  thrown in C:\laragon\www\prog23\lagerhanteringssystem\includes\ImageProcessor.php on line 21
[27-May-2025 13:40:23 Europe/Helsinki] PHP Warning:  Undefined array key "product_images_path" in C:\laragon\www\prog23\lagerhanteringssystem\admin\addproduct.php on line 230
[27-May-2025 13:40:23 Europe/Helsinki] PHP Fatal error:  Uncaught TypeError: ImageProcessor::__construct(): Argument #2 ($uploadDir) must be of type string, array given, called in C:\laragon\www\prog23\lagerhanteringssystem\admin\addproduct.php on line 231 and defined in C:\laragon\www\prog23\lagerhanteringssystem\includes\ImageProcessor.php:21
Stack trace:
#0 C:\laragon\www\prog23\lagerhanteringssystem\admin\addproduct.php(231): ImageProcessor->__construct(Object(PDO), Array)
#1 {main}
  thrown in C:\laragon\www\prog23\lagerhanteringssystem\includes\ImageProcessor.php on line 21
[27-May-2025 13:40:23 Europe/Helsinki] PHP Warning:  Undefined array key "product_images_path" in C:\laragon\www\prog23\lagerhanteringssystem\admin\addproduct.php on line 230
[27-May-2025 13:40:23 Europe/Helsinki] PHP Fatal error:  Uncaught TypeError: ImageProcessor::__construct(): Argument #2 ($uploadDir) must be of type string, array given, called in C:\laragon\www\prog23\lagerhanteringssystem\admin\addproduct.php on line 231 and defined in C:\laragon\www\prog23\lagerhanteringssystem\includes\ImageProcessor.php:21
Stack trace:
#0 C:\laragon\www\prog23\lagerhanteringssystem\admin\addproduct.php(231): ImageProcessor->__construct(Object(PDO), Array)
#1 {main}
  thrown in C:\laragon\www\prog23\lagerhanteringssystem\includes\ImageProcessor.php on line 21
[27-May-2025 13:42:01 Europe/Helsinki] PHP Warning:  Undefined array key "product_images_path" in C:\laragon\www\prog23\lagerhanteringssystem\admin\addproduct.php on line 230
[27-May-2025 13:42:01 Europe/Helsinki] PHP Fatal error:  Uncaught TypeError: ImageProcessor::__construct(): Argument #2 ($uploadDir) must be of type string, array given, called in C:\laragon\www\prog23\lagerhanteringssystem\admin\addproduct.php on line 231 and defined in C:\laragon\www\prog23\lagerhanteringssystem\includes\ImageProcessor.php:21
Stack trace:
#0 C:\laragon\www\prog23\lagerhanteringssystem\admin\addproduct.php(231): ImageProcessor->__construct(Object(PDO), Array)
#1 {main}
  thrown in C:\laragon\www\prog23\lagerhanteringssystem\includes\ImageProcessor.php on line 21
[27-May-2025 13:42:01 Europe/Helsinki] PHP Warning:  Undefined array key "product_images_path" in C:\laragon\www\prog23\lagerhanteringssystem\admin\addproduct.php on line 230
[27-May-2025 13:42:01 Europe/Helsinki] PHP Fatal error:  Uncaught TypeError: ImageProcessor::__construct(): Argument #2 ($uploadDir) must be of type string, array given, called in C:\laragon\www\prog23\lagerhanteringssystem\admin\addproduct.php on line 231 and defined in C:\laragon\www\prog23\lagerhanteringssystem\includes\ImageProcessor.php:21
Stack trace:
#0 C:\laragon\www\prog23\lagerhanteringssystem\admin\addproduct.php(231): ImageProcessor->__construct(Object(PDO), Array)
#1 {main}
  thrown in C:\laragon\www\prog23\lagerhanteringssystem\includes\ImageProcessor.php on line 21
[27-May-2025 13:45:04 Europe/Helsinki] PHP Warning:  Undefined array key "product_images_path" in C:\laragon\www\prog23\lagerhanteringssystem\admin\addproduct.php on line 230
[27-May-2025 13:45:04 Europe/Helsinki] PHP Fatal error:  Uncaught TypeError: ImageProcessor::__construct(): Argument #2 ($uploadDir) must be of type string, array given, called in C:\laragon\www\prog23\lagerhanteringssystem\admin\addproduct.php on line 231 and defined in C:\laragon\www\prog23\lagerhanteringssystem\includes\ImageProcessor.php:21
Stack trace:
#0 C:\laragon\www\prog23\lagerhanteringssystem\admin\addproduct.php(231): ImageProcessor->__construct(Object(PDO), Array)
#1 {main}
  thrown in C:\laragon\www\prog23\lagerhanteringssystem\includes\ImageProcessor.php on line 21
[27-May-2025 13:45:04 Europe/Helsinki] PHP Warning:  Undefined array key "product_images_path" in C:\laragon\www\prog23\lagerhanteringssystem\admin\addproduct.php on line 230
[27-May-2025 13:45:04 Europe/Helsinki] PHP Fatal error:  Uncaught TypeError: ImageProcessor::__construct(): Argument #2 ($uploadDir) must be of type string, array given, called in C:\laragon\www\prog23\lagerhanteringssystem\admin\addproduct.php on line 231 and defined in C:\laragon\www\prog23\lagerhanteringssystem\includes\ImageProcessor.php:21
Stack trace:
#0 C:\laragon\www\prog23\lagerhanteringssystem\admin\addproduct.php(231): ImageProcessor->__construct(Object(PDO), Array)
#1 {main}
  thrown in C:\laragon\www\prog23\lagerhanteringssystem\includes\ImageProcessor.php on line 21
[27-May-2025 14:12:30 Europe/Helsinki] PHP Warning:  Undefined array key "product_images_path" in C:\laragon\www\prog23\lagerhanteringssystem\admin\addproduct.php on line 230
[27-May-2025 14:12:30 Europe/Helsinki] PHP Fatal error:  Uncaught TypeError: ImageProcessor::__construct(): Argument #2 ($uploadDir) must be of type string, array given, called in C:\laragon\www\prog23\lagerhanteringssystem\admin\addproduct.php on line 231 and defined in C:\laragon\www\prog23\lagerhanteringssystem\includes\ImageProcessor.php:21
Stack trace:
#0 C:\laragon\www\prog23\lagerhanteringssystem\admin\addproduct.php(231): ImageProcessor->__construct(Object(PDO), Array)
#1 {main}
  thrown in C:\laragon\www\prog23\lagerhanteringssystem\includes\ImageProcessor.php on line 21
[27-May-2025 14:14:39 Europe/Helsinki] PHP Warning:  Undefined array key "product_images_path" in C:\laragon\www\prog23\lagerhanteringssystem\admin\addproduct.php on line 230
[27-May-2025 14:14:39 Europe/Helsinki] PHP Fatal error:  Uncaught TypeError: ImageProcessor::__construct(): Argument #2 ($uploadDir) must be of type string, array given, called in C:\laragon\www\prog23\lagerhanteringssystem\admin\addproduct.php on line 231 and defined in C:\laragon\www\prog23\lagerhanteringssystem\includes\ImageProcessor.php:21
Stack trace:
#0 C:\laragon\www\prog23\lagerhanteringssystem\admin\addproduct.php(231): ImageProcessor->__construct(Object(PDO), Array)
#1 {main}
  thrown in C:\laragon\www\prog23\lagerhanteringssystem\includes\ImageProcessor.php on line 21
[27-May-2025 14:50:12 Europe/Helsinki] Creating product with data: Array
(
    [title] => AAA
    [special_price] => 0
    [rare] => 0
    [recommended] => 0
)

[27-May-2025 14:51:18 Europe/Helsinki] Attempting to get product with ID: 327
[27-May-2025 14:51:18 Europe/Helsinki] Successfully retrieved product: AAA
[27-May-2025 14:51:18 Europe/Helsinki] PHP Warning:  Undefined variable $productImages in C:\laragon\www\prog23\lagerhanteringssystem\admin\adminsingleproduct.php on line 525
[27-May-2025 14:51:18 Europe/Helsinki] PHP Warning:  foreach() argument must be of type array|object, null given in C:\laragon\www\prog23\lagerhanteringssystem\admin\adminsingleproduct.php on line 525
[27-May-2025 14:51:18 Europe/Helsinki] Attempting to get product with ID: 327
[27-May-2025 14:51:18 Europe/Helsinki] Successfully retrieved product: AAA
[27-May-2025 14:51:18 Europe/Helsinki] Error fetching product images: SQLSTATE[42S02]: Base table or view not found: 1146 Table 'ka_lagerhanteringssystem.product_image' doesn't exist
[27-May-2025 15:22:26 Europe/Helsinki] Error fetching product image: SQLSTATE[42S02]: Base table or view not found: 1146 Table 'ka_lagerhanteringssystem.product_image' doesn't exist
[27-May-2025 15:22:26 Europe/Helsinki] Error fetching product image: SQLSTATE[42S02]: Base table or view not found: 1146 Table 'ka_lagerhanteringssystem.product_image' doesn't exist
[27-May-2025 15:22:26 Europe/Helsinki] Error fetching product image: SQLSTATE[42S02]: Base table or view not found: 1146 Table 'ka_lagerhanteringssystem.product_image' doesn't exist
[27-May-2025 15:22:26 Europe/Helsinki] Error fetching product image: SQLSTATE[42S02]: Base table or view not found: 1146 Table 'ka_lagerhanteringssystem.product_image' doesn't exist
[27-May-2025 15:22:26 Europe/Helsinki] Error fetching product image: SQLSTATE[42S02]: Base table or view not found: 1146 Table 'ka_lagerhanteringssystem.product_image' doesn't exist
[27-May-2025 15:22:26 Europe/Helsinki] Error fetching product image: SQLSTATE[42S02]: Base table or view not found: 1146 Table 'ka_lagerhanteringssystem.product_image' doesn't exist
[27-May-2025 15:22:26 Europe/Helsinki] Error fetching product image: SQLSTATE[42S02]: Base table or view not found: 1146 Table 'ka_lagerhanteringssystem.product_image' doesn't exist
[27-May-2025 15:22:26 Europe/Helsinki] Error fetching product image: SQLSTATE[42S02]: Base table or view not found: 1146 Table 'ka_lagerhanteringssystem.product_image' doesn't exist
[27-May-2025 15:22:30 Europe/Helsinki] Error fetching product image: SQLSTATE[42S02]: Base table or view not found: 1146 Table 'ka_lagerhanteringssystem.product_image' doesn't exist
[27-May-2025 15:22:30 Europe/Helsinki] Error fetching product image: SQLSTATE[42S02]: Base table or view not found: 1146 Table 'ka_lagerhanteringssystem.product_image' doesn't exist
[27-May-2025 15:22:30 Europe/Helsinki] Error fetching product image: SQLSTATE[42S02]: Base table or view not found: 1146 Table 'ka_lagerhanteringssystem.product_image' doesn't exist
[27-May-2025 15:22:30 Europe/Helsinki] Error fetching product image: SQLSTATE[42S02]: Base table or view not found: 1146 Table 'ka_lagerhanteringssystem.product_image' doesn't exist
[27-May-2025 15:22:30 Europe/Helsinki] Error fetching product image: SQLSTATE[42S02]: Base table or view not found: 1146 Table 'ka_lagerhanteringssystem.product_image' doesn't exist
[27-May-2025 15:22:30 Europe/Helsinki] Error fetching product image: SQLSTATE[42S02]: Base table or view not found: 1146 Table 'ka_lagerhanteringssystem.product_image' doesn't exist
[27-May-2025 15:22:30 Europe/Helsinki] Error fetching product image: SQLSTATE[42S02]: Base table or view not found: 1146 Table 'ka_lagerhanteringssystem.product_image' doesn't exist
[27-May-2025 15:22:30 Europe/Helsinki] Error fetching product image: SQLSTATE[42S02]: Base table or view not found: 1146 Table 'ka_lagerhanteringssystem.product_image' doesn't exist
[27-May-2025 15:22:37 Europe/Helsinki] PHP Fatal error:  Uncaught Error: Call to undefined function getProductImagesByProductId() in C:\laragon\www\prog23\lagerhanteringssystem\singleproduct.php:227
Stack trace:
#0 {main}
  thrown in C:\laragon\www\prog23\lagerhanteringssystem\singleproduct.php on line 227
[27-May-2025 15:22:47 Europe/Helsinki] Error fetching product image: SQLSTATE[42S02]: Base table or view not found: 1146 Table 'ka_lagerhanteringssystem.product_image' doesn't exist
[27-May-2025 15:22:47 Europe/Helsinki] Error fetching product image: SQLSTATE[42S02]: Base table or view not found: 1146 Table 'ka_lagerhanteringssystem.product_image' doesn't exist
[27-May-2025 15:22:47 Europe/Helsinki] Error fetching product image: SQLSTATE[42S02]: Base table or view not found: 1146 Table 'ka_lagerhanteringssystem.product_image' doesn't exist
[27-May-2025 15:22:47 Europe/Helsinki] Error fetching product image: SQLSTATE[42S02]: Base table or view not found: 1146 Table 'ka_lagerhanteringssystem.product_image' doesn't exist
[27-May-2025 15:22:47 Europe/Helsinki] Error fetching product image: SQLSTATE[42S02]: Base table or view not found: 1146 Table 'ka_lagerhanteringssystem.product_image' doesn't exist
[27-May-2025 15:22:47 Europe/Helsinki] Error fetching product image: SQLSTATE[42S02]: Base table or view not found: 1146 Table 'ka_lagerhanteringssystem.product_image' doesn't exist
[27-May-2025 15:22:47 Europe/Helsinki] Error fetching product image: SQLSTATE[42S02]: Base table or view not found: 1146 Table 'ka_lagerhanteringssystem.product_image' doesn't exist
[27-May-2025 15:22:47 Europe/Helsinki] Error fetching product image: SQLSTATE[42S02]: Base table or view not found: 1146 Table 'ka_lagerhanteringssystem.product_image' doesn't exist
[27-May-2025 15:22:50 Europe/Helsinki] PHP Fatal error:  Uncaught Error: Call to undefined function getProductImagesByProductId() in C:\laragon\www\prog23\lagerhanteringssystem\singleproduct.php:227
Stack trace:
#0 {main}
  thrown in C:\laragon\www\prog23\lagerhanteringssystem\singleproduct.php on line 227
[27-May-2025 15:22:52 Europe/Helsinki] Error fetching product image: SQLSTATE[42S02]: Base table or view not found: 1146 Table 'ka_lagerhanteringssystem.product_image' doesn't exist
[27-May-2025 15:22:53 Europe/Helsinki] Error fetching product image: SQLSTATE[42S02]: Base table or view not found: 1146 Table 'ka_lagerhanteringssystem.product_image' doesn't exist
[27-May-2025 15:22:53 Europe/Helsinki] Error fetching product image: SQLSTATE[42S02]: Base table or view not found: 1146 Table 'ka_lagerhanteringssystem.product_image' doesn't exist
[27-May-2025 15:22:53 Europe/Helsinki] Error fetching product image: SQLSTATE[42S02]: Base table or view not found: 1146 Table 'ka_lagerhanteringssystem.product_image' doesn't exist
[27-May-2025 15:22:53 Europe/Helsinki] Error fetching product image: SQLSTATE[42S02]: Base table or view not found: 1146 Table 'ka_lagerhanteringssystem.product_image' doesn't exist
[27-May-2025 15:22:53 Europe/Helsinki] Error fetching product image: SQLSTATE[42S02]: Base table or view not found: 1146 Table 'ka_lagerhanteringssystem.product_image' doesn't exist
[27-May-2025 15:22:53 Europe/Helsinki] Error fetching product image: SQLSTATE[42S02]: Base table or view not found: 1146 Table 'ka_lagerhanteringssystem.product_image' doesn't exist
[27-May-2025 15:22:53 Europe/Helsinki] Error fetching product image: SQLSTATE[42S02]: Base table or view not found: 1146 Table 'ka_lagerhanteringssystem.product_image' doesn't exist
[27-May-2025 15:24:45 Europe/Helsinki] Attempting to get product with ID: 30
[27-May-2025 15:24:45 Europe/Helsinki] Successfully retrieved product: ABBA Gold: Greatest Hits
[27-May-2025 15:24:45 Europe/Helsinki] PHP Warning:  Undefined variable $productImages in C:\laragon\www\prog23\lagerhanteringssystem\admin\adminsingleproduct.php on line 525
[27-May-2025 15:24:45 Europe/Helsinki] PHP Warning:  foreach() argument must be of type array|object, null given in C:\laragon\www\prog23\lagerhanteringssystem\admin\adminsingleproduct.php on line 525
[27-May-2025 15:24:45 Europe/Helsinki] Attempting to get product with ID: 30
[27-May-2025 15:24:45 Europe/Helsinki] Successfully retrieved product: ABBA Gold: Greatest Hits
[27-May-2025 15:24:45 Europe/Helsinki] Error fetching product images: SQLSTATE[42S02]: Base table or view not found: 1146 Table 'ka_lagerhanteringssystem.product_image' doesn't exist
[27-May-2025 15:24:54 Europe/Helsinki] PHP Fatal error:  Uncaught TypeError: Cannot access offset of type string on string in C:\laragon\www\prog23\lagerhanteringssystem\includes\ImageProcessor.php:33
Stack trace:
#0 C:\laragon\www\prog23\lagerhanteringssystem\admin\addproduct.php(231): ImageProcessor->__construct(Object(PDO), 'assets/uploads/...')
#1 {main}
  thrown in C:\laragon\www\prog23\lagerhanteringssystem\includes\ImageProcessor.php on line 33
[27-May-2025 18:00:19 Europe/Helsinki] Creating product with data: Array
(
    [title] => Titel
    [authors] => Array
        (
        )

    [genres] => Array
        (
        )

    [special_price] => 0
    [rare] => 0
    [recommended] => 0
)

[27-May-2025 18:00:19 Europe/Helsinki] Error counting product images: SQLSTATE[42S02]: Base table or view not found: 1146 Table 'ka_lagerhanteringssystem.product_image' doesn't exist
[27-May-2025 18:00:19 Europe/Helsinki] Image upload error: SQLSTATE[42S22]: Column not found: 1054 Unknown column 'image_name' in 'field list'
[27-May-2025 18:00:19 Europe/Helsinki] Image upload error: SQLSTATE[42S22]: Column not found: 1054 Unknown column 'image_name' in 'field list'
[27-May-2025 18:00:57 Europe/Helsinki] Error fetching product images: SQLSTATE[42S02]: Base table or view not found: 1146 Table 'ka_lagerhanteringssystem.product_image' doesn't exist
[27-May-2025 18:01:52 Europe/Helsinki] Error fetching product image: SQLSTATE[42S02]: Base table or view not found: 1146 Table 'ka_lagerhanteringssystem.product_image' doesn't exist
[27-May-2025 18:01:52 Europe/Helsinki] Error fetching product image: SQLSTATE[42S02]: Base table or view not found: 1146 Table 'ka_lagerhanteringssystem.product_image' doesn't exist
[27-May-2025 18:01:52 Europe/Helsinki] Error fetching product image: SQLSTATE[42S02]: Base table or view not found: 1146 Table 'ka_lagerhanteringssystem.product_image' doesn't exist
[27-May-2025 18:01:52 Europe/Helsinki] Error fetching product image: SQLSTATE[42S02]: Base table or view not found: 1146 Table 'ka_lagerhanteringssystem.product_image' doesn't exist
[27-May-2025 18:01:52 Europe/Helsinki] Error fetching product image: SQLSTATE[42S02]: Base table or view not found: 1146 Table 'ka_lagerhanteringssystem.product_image' doesn't exist
[27-May-2025 18:01:52 Europe/Helsinki] Error fetching product image: SQLSTATE[42S02]: Base table or view not found: 1146 Table 'ka_lagerhanteringssystem.product_image' doesn't exist
[27-May-2025 18:01:52 Europe/Helsinki] Error fetching product image: SQLSTATE[42S02]: Base table or view not found: 1146 Table 'ka_lagerhanteringssystem.product_image' doesn't exist
[27-May-2025 18:01:52 Europe/Helsinki] Error fetching product image: SQLSTATE[42S02]: Base table or view not found: 1146 Table 'ka_lagerhanteringssystem.product_image' doesn't exist
[27-May-2025 18:02:07 Europe/Helsinki] PHP Fatal error:  Uncaught Error: Call to undefined function getProductImagesByProductId() in C:\laragon\www\prog23\lagerhanteringssystem\singleproduct.php:227
Stack trace:
#0 {main}
  thrown in C:\laragon\www\prog23\lagerhanteringssystem\singleproduct.php on line 227
[27-May-2025 18:06:22 Europe/Helsinki] Error fetching product images: SQLSTATE[42S02]: Base table or view not found: 1146 Table 'ka_lagerhanteringssystem.product_image' doesn't exist
[27-May-2025 18:06:33 Europe/Helsinki] Error updating product: SQLSTATE[23000]: Integrity constraint violation: 1452 Cannot add or update a child row: a foreign key constraint fails (`ka_lagerhanteringssystem`.`event_log`, CONSTRAINT `event_log_ibfk_2` FOREIGN KEY (`product_id`) REFERENCES `product` (`prod_id`))
[27-May-2025 18:06:36 Europe/Helsinki] Error fetching product images: SQLSTATE[42S02]: Base table or view not found: 1146 Table 'ka_lagerhanteringssystem.product_image' doesn't exist
[27-May-2025 18:06:39 Europe/Helsinki] Error updating product: SQLSTATE[23000]: Integrity constraint violation: 1452 Cannot add or update a child row: a foreign key constraint fails (`ka_lagerhanteringssystem`.`event_log`, CONSTRAINT `event_log_ibfk_2` FOREIGN KEY (`product_id`) REFERENCES `product` (`prod_id`))
[27-May-2025 19:33:11 Europe/Helsinki] PHP Warning:  include(templates/admin_header.php): Failed to open stream: No such file or directory in C:\laragon\www\prog23\lagerhanteringssystem\admin\adminsingleproduct.php on line 338
[27-May-2025 19:33:11 Europe/Helsinki] PHP Warning:  include(): Failed opening 'templates/admin_header.php' for inclusion (include_path='.;C:/laragon/etc/php/pear') in C:\laragon\www\prog23\lagerhanteringssystem\admin\adminsingleproduct.php on line 338
[27-May-2025 19:33:11 Europe/Helsinki] PHP Warning:  include(templates/admin_footer.php): Failed to open stream: No such file or directory in C:\laragon\www\prog23\lagerhanteringssystem\admin\adminsingleproduct.php on line 748
[27-May-2025 19:33:11 Europe/Helsinki] PHP Warning:  include(): Failed opening 'templates/admin_footer.php' for inclusion (include_path='.;C:/laragon/etc/php/pear') in C:\laragon\www\prog23\lagerhanteringssystem\admin\adminsingleproduct.php on line 748
[27-May-2025 19:33:21 Europe/Helsinki] PHP Warning:  include(templates/admin_header.php): Failed to open stream: No such file or directory in C:\laragon\www\prog23\lagerhanteringssystem\admin\adminsingleproduct.php on line 338
[27-May-2025 19:33:21 Europe/Helsinki] PHP Warning:  include(): Failed opening 'templates/admin_header.php' for inclusion (include_path='.;C:/laragon/etc/php/pear') in C:\laragon\www\prog23\lagerhanteringssystem\admin\adminsingleproduct.php on line 338
[27-May-2025 19:33:21 Europe/Helsinki] PHP Warning:  include(templates/admin_footer.php): Failed to open stream: No such file or directory in C:\laragon\www\prog23\lagerhanteringssystem\admin\adminsingleproduct.php on line 748
[27-May-2025 19:33:21 Europe/Helsinki] PHP Warning:  include(): Failed opening 'templates/admin_footer.php' for inclusion (include_path='.;C:/laragon/etc/php/pear') in C:\laragon\www\prog23\lagerhanteringssystem\admin\adminsingleproduct.php on line 748
[27-May-2025 19:49:37 Europe/Helsinki] PHP Warning:  include(templates/admin_header.php): Failed to open stream: No such file or directory in C:\laragon\www\prog23\lagerhanteringssystem\admin\adminsingleproduct.php on line 338
[27-May-2025 19:49:37 Europe/Helsinki] PHP Warning:  include(): Failed opening 'templates/admin_header.php' for inclusion (include_path='.;C:/laragon/etc/php/pear') in C:\laragon\www\prog23\lagerhanteringssystem\admin\adminsingleproduct.php on line 338
[27-May-2025 19:49:37 Europe/Helsinki] PHP Warning:  include(templates/admin_footer.php): Failed to open stream: No such file or directory in C:\laragon\www\prog23\lagerhanteringssystem\admin\adminsingleproduct.php on line 748
[27-May-2025 19:49:37 Europe/Helsinki] PHP Warning:  include(): Failed opening 'templates/admin_footer.php' for inclusion (include_path='.;C:/laragon/etc/php/pear') in C:\laragon\www\prog23\lagerhanteringssystem\admin\adminsingleproduct.php on line 748
[27-May-2025 20:04:10 Europe/Helsinki] PHP Warning:  include(templates/admin_header.php): Failed to open stream: No such file or directory in C:\laragon\www\prog23\lagerhanteringssystem\admin\adminsingleproduct.php on line 338
[27-May-2025 20:04:10 Europe/Helsinki] PHP Warning:  include(): Failed opening 'templates/admin_header.php' for inclusion (include_path='.;C:/laragon/etc/php/pear') in C:\laragon\www\prog23\lagerhanteringssystem\admin\adminsingleproduct.php on line 338
[27-May-2025 20:04:10 Europe/Helsinki] PHP Deprecated:  htmlspecialchars(): Passing null to parameter #1 ($string) of type string is deprecated in C:\laragon\www\prog23\lagerhanteringssystem\admin\adminsingleproduct.php on line 540
[27-May-2025 20:04:10 Europe/Helsinki] PHP Deprecated:  htmlspecialchars(): Passing null to parameter #1 ($string) of type string is deprecated in C:\laragon\www\prog23\lagerhanteringssystem\admin\adminsingleproduct.php on line 545
[27-May-2025 20:04:10 Europe/Helsinki] PHP Warning:  include(templates/admin_footer.php): Failed to open stream: No such file or directory in C:\laragon\www\prog23\lagerhanteringssystem\admin\adminsingleproduct.php on line 748
[27-May-2025 20:04:10 Europe/Helsinki] PHP Warning:  include(): Failed opening 'templates/admin_footer.php' for inclusion (include_path='.;C:/laragon/etc/php/pear') in C:\laragon\www\prog23\lagerhanteringssystem\admin\adminsingleproduct.php on line 748
[27-May-2025 20:14:26 Europe/Helsinki] PHP Deprecated:  htmlspecialchars(): Passing null to parameter #1 ($string) of type string is deprecated in C:\laragon\www\prog23\lagerhanteringssystem\admin\adminsingleproduct.php on line 557
[27-May-2025 20:14:26 Europe/Helsinki] PHP Deprecated:  htmlspecialchars(): Passing null to parameter #1 ($string) of type string is deprecated in C:\laragon\www\prog23\lagerhanteringssystem\admin\adminsingleproduct.php on line 562
[27-May-2025 20:15:51 Europe/Helsinki] PHP Deprecated:  htmlspecialchars(): Passing null to parameter #1 ($string) of type string is deprecated in C:\laragon\www\prog23\lagerhanteringssystem\admin\adminsingleproduct.php on line 557
[27-May-2025 20:15:51 Europe/Helsinki] PHP Deprecated:  htmlspecialchars(): Passing null to parameter #1 ($string) of type string is deprecated in C:\laragon\www\prog23\lagerhanteringssystem\admin\adminsingleproduct.php on line 562
[27-May-2025 20:16:00 Europe/Helsinki] PHP Deprecated:  htmlspecialchars(): Passing null to parameter #1 ($string) of type string is deprecated in C:\laragon\www\prog23\lagerhanteringssystem\admin\adminsingleproduct.php on line 557
[27-May-2025 20:16:00 Europe/Helsinki] PHP Deprecated:  htmlspecialchars(): Passing null to parameter #1 ($string) of type string is deprecated in C:\laragon\www\prog23\lagerhanteringssystem\admin\adminsingleproduct.php on line 562
[27-May-2025 20:16:17 Europe/Helsinki] PHP Deprecated:  htmlspecialchars(): Passing null to parameter #1 ($string) of type string is deprecated in C:\laragon\www\prog23\lagerhanteringssystem\admin\adminsingleproduct.php on line 557
[27-May-2025 20:16:17 Europe/Helsinki] PHP Deprecated:  htmlspecialchars(): Passing null to parameter #1 ($string) of type string is deprecated in C:\laragon\www\prog23\lagerhanteringssystem\admin\adminsingleproduct.php on line 562
[27-May-2025 20:41:45 Europe/Helsinki] PHP Deprecated:  htmlspecialchars(): Passing null to parameter #1 ($string) of type string is deprecated in C:\laragon\www\prog23\lagerhanteringssystem\admin\adminsingleproduct.php on line 581
[27-May-2025 20:41:45 Europe/Helsinki] PHP Deprecated:  htmlspecialchars(): Passing null to parameter #1 ($string) of type string is deprecated in C:\laragon\www\prog23\lagerhanteringssystem\admin\adminsingleproduct.php on line 586
[27-May-2025 22:11:56 Europe/Helsinki] Creating product with data: Array
(
    [title] => titel 2
    [authors] => Array
        (
        )

    [genres] => Array
        (
        )

    [special_price] => 0
    [rare] => 0
    [recommended] => 0
)

[27-May-2025 22:23:18 Europe/Helsinki] Creating product with data: Array
(
    [title] => Titel3
    [authors] => Array
        (
            [0] => Toni Morrison
        )

    [genres] => Array
        (
            [0] => 9
        )

    [special_price] => 1
    [rare] => 1
    [recommended] => 1
)

[27-May-2025 23:26:34 Europe/Helsinki] PHP Warning:  Undefined variable $filepath in C:\laragon\www\prog23\lagerhanteringssystem\includes\ImageProcessor.php on line 169
[27-May-2025 23:26:34 Europe/Helsinki] PHP Deprecated:  file_exists(): Passing null to parameter #1 ($filename) of type string is deprecated in C:\laragon\www\prog23\lagerhanteringssystem\includes\ImageProcessor.php on line 169
[27-May-2025 23:26:34 Europe/Helsinki] Image upload error: There is already an active transaction
[27-May-2025 23:32:04 Europe/Helsinki] Creating product with data: Array
(
    [title] => fff
    [authors] => Array
        (
        )

    [genres] => Array
        (
        )

    [special_price] => 0
    [rare] => 0
    [recommended] => 0
)

[28-May-2025 00:39:19 Europe/Helsinki] PHP Deprecated:  htmlspecialchars(): Passing null to parameter #1 ($string) of type string is deprecated in C:\laragon\www\prog23\lagerhanteringssystem\admin\adminsingleproduct.php on line 543
[28-May-2025 00:43:56 Europe/Helsinki] PHP Deprecated:  htmlspecialchars(): Passing null to parameter #1 ($string) of type string is deprecated in C:\laragon\www\prog23\lagerhanteringssystem\admin\adminsingleproduct.php on line 543
[28-May-2025 06:12:21 Europe/Helsinki] Creating product with data: Array
(
    [title] => AAAA
    [authors] => Array
        (
        )

    [genres] => Array
        (
        )

    [special_price] => 0
    [rare] => 0
    [recommended] => 0
)

[28-May-2025 07:56:59 Europe/Helsinki] PHP Deprecated:  htmlspecialchars(): Passing null to parameter #1 ($string) of type string is deprecated in C:\laragon\www\prog23\lagerhanteringssystem\admin\adminsingleproduct.php on line 543
[28-May-2025 07:57:14 Europe/Helsinki] PHP Deprecated:  htmlspecialchars(): Passing null to parameter #1 ($string) of type string is deprecated in C:\laragon\www\prog23\lagerhanteringssystem\admin\adminsingleproduct.php on line 543
[28-May-2025 07:57:58 Europe/Helsinki] PHP Deprecated:  htmlspecialchars(): Passing null to parameter #1 ($string) of type string is deprecated in C:\laragon\www\prog23\lagerhanteringssystem\admin\adminsingleproduct.php on line 543
[28-May-2025 07:58:17 Europe/Helsinki] PHP Deprecated:  htmlspecialchars(): Passing null to parameter #1 ($string) of type string is deprecated in C:\laragon\www\prog23\lagerhanteringssystem\admin\adminsingleproduct.php on line 543
[28-May-2025 08:06:45 Europe/Helsinki] Creating product with data: Array
(
    [title] => Product
    [authors] => Array
        (
            [0] => Tove Jansson
        )

    [genres] => Array
        (
        )

    [special_price] => 0
    [rare] => 0
    [recommended] => 0
)

[28-May-2025 08:45:55 Europe/Helsinki] New newsletter subscription: lesya.maurin@gmail.com at 2025-05-28 08:45:55
[28-May-2025 09:23:02 Europe/Helsinki] New newsletter subscription: lesya.maurin@gmail.com at 2025-05-28 09:23:02
[28-May-2025 09:35:29 Europe/Helsinki] Creating product with data: Array
(
    [title] => Produkt
    [authors] => Array
        (
        )

    [genres] => Array
        (
        )

    [special_price] => 0
    [rare] => 0
    [recommended] => 0
)

[28-May-2025 09:37:39 Europe/Helsinki] PHP Deprecated:  htmlspecialchars(): Passing null to parameter #1 ($string) of type string is deprecated in C:\laragon\www\prog23\lagerhanteringssystem\admin\adminsingleproduct.php on line 550
[02-Jun-2025 11:10:07 Europe/Helsinki] Backup handler error: SQLSTATE[42S02]: Base table or view not found: 1146 Table 'ka_lagerhanteringssystem.backup_metadata' doesn't exist
[02-Jun-2025 11:10:11 Europe/Helsinki] Error logging backup event: SQLSTATE[42S22]: Column not found: 1054 Unknown column 'created_at' in 'field list'
[02-Jun-2025 11:10:11 Europe/Helsinki] Backup handler error: SQLSTATE[42S02]: Base table or view not found: 1146 Table 'ka_lagerhanteringssystem.backup_metadata' doesn't exist
[02-Jun-2025 11:10:16 Europe/Helsinki] Backup handler error: SQLSTATE[42S02]: Base table or view not found: 1146 Table 'ka_lagerhanteringssystem.backup_metadata' doesn't exist
[02-Jun-2025 11:15:10 Europe/Helsinki] Error logging backup event: SQLSTATE[42S22]: Column not found: 1054 Unknown column 'created_at' in 'field list'
[02-Jun-2025 11:17:47 Europe/Helsinki] Error logging backup event: SQLSTATE[42S22]: Column not found: 1054 Unknown column 'created_at' in 'field list'
[02-Jun-2025 11:17:57 Europe/Helsinki] Error logging backup event: SQLSTATE[42S22]: Column not found: 1054 Unknown column 'created_at' in 'field list'
[02-Jun-2025 11:22:42 Europe/Helsinki] Error logging backup event: SQLSTATE[42S22]: Column not found: 1054 Unknown column 'created_at' in 'field list'
[02-Jun-2025 11:22:42 Europe/Helsinki] Error executing statement during restore: SQLSTATE[42S01]: Base table or view already exists: 1050 Table 'author' already exists
[02-Jun-2025 11:22:42 Europe/Helsinki] Statement: CREATE TABLE `author` (
  `author_id` int NOT NULL AUTO_INCREMENT,
  `author_name` varchar(200) CHARACTER SET utf8mb4 COLLATE utf8mb4_general_ci NOT NULL,
  PRIMARY KEY (`author_id`)
) ENGINE=InnoDB A...
[02-Jun-2025 11:22:42 Europe/Helsinki] Error executing statement during restore: SQLSTATE[42S01]: Base table or view already exists: 1050 Table 'category' already exists
[02-Jun-2025 11:22:42 Europe/Helsinki] Statement: CREATE TABLE `category` (
  `category_id` int NOT NULL AUTO_INCREMENT,
  `category_sv_name` varchar(100) CHARACTER SET utf8mb4 COLLATE utf8mb4_general_ci NOT NULL,
  `category_fi_name` varchar(100) CH...
[02-Jun-2025 11:22:42 Europe/Helsinki] Error executing statement during restore: SQLSTATE[42S01]: Base table or view already exists: 1050 Table 'condition' already exists
[02-Jun-2025 11:22:42 Europe/Helsinki] Statement: CREATE TABLE `condition` (
  `condition_id` int NOT NULL AUTO_INCREMENT,
  `condition_sv_name` varchar(50) CHARACTER SET utf8mb4 COLLATE utf8mb4_general_ci NOT NULL,
  `condition_fi_name` varchar(50) ...
[02-Jun-2025 11:22:42 Europe/Helsinki] Error executing statement during restore: SQLSTATE[42S01]: Base table or view already exists: 1050 Table 'event_log' already exists
[02-Jun-2025 11:22:42 Europe/Helsinki] Statement: CREATE TABLE `event_log` (
  `event_id` int NOT NULL AUTO_INCREMENT,
  `user_id` int DEFAULT NULL,
  `event_type` varchar(50) CHARACTER SET utf8mb4 COLLATE utf8mb4_general_ci NOT NULL,
  `event_descri...
[02-Jun-2025 11:22:42 Europe/Helsinki] Error executing statement during restore: SQLSTATE[42S01]: Base table or view already exists: 1050 Table 'genre' already exists
[02-Jun-2025 11:22:42 Europe/Helsinki] Statement: CREATE TABLE `genre` (
  `genre_id` int NOT NULL AUTO_INCREMENT,
  `genre_sv_name` varchar(100) CHARACTER SET utf8mb4 COLLATE utf8mb4_general_ci NOT NULL,
  `genre_fi_name` varchar(100) CHARACTER SET ...
[02-Jun-2025 11:22:42 Europe/Helsinki] Error executing statement during restore: SQLSTATE[42S01]: Base table or view already exists: 1050 Table 'image' already exists
[02-Jun-2025 11:22:42 Europe/Helsinki] Statement: CREATE TABLE `image` (
  `image_id` int NOT NULL AUTO_INCREMENT,
  `prod_id` int DEFAULT NULL,
  `image_path` varchar(255) CHARACTER SET utf8mb4 COLLATE utf8mb4_general_ci NOT NULL,
  `image_uploaded_...
[02-Jun-2025 11:22:42 Europe/Helsinki] Error executing statement during restore: SQLSTATE[23000]: Integrity constraint violation: 1062 Duplicate entry '111' for key 'image.PRIMARY'
[02-Jun-2025 11:22:42 Europe/Helsinki] Statement: INSERT INTO `image` (`image_id`, `prod_id`, `image_path`, `image_uploaded_at`) VALUES
('104', '104', 'assets/uploads/products/ka-object-04.webp', '2025-05-28 06:35:00'),
('105', '105', 'assets/uploads...
[02-Jun-2025 11:22:42 Europe/Helsinki] Error executing statement during restore: SQLSTATE[23000]: Integrity constraint violation: 1062 Duplicate entry '205' for key 'image.PRIMARY'
[02-Jun-2025 11:22:42 Europe/Helsinki] Statement: INSERT INTO `image` (`image_id`, `prod_id`, `image_path`, `image_uploaded_at`) VALUES
('204', '55', 'assets/uploads/products/ka-random-108.webp', '2025-05-28 06:35:00'),
('205', '59', 'assets/uploads/...
[02-Jun-2025 11:22:42 Europe/Helsinki] Error executing statement during restore: SQLSTATE[42S01]: Base table or view already exists: 1050 Table 'language' already exists
[02-Jun-2025 11:22:42 Europe/Helsinki] Statement: CREATE TABLE `language` (
  `language_id` int NOT NULL AUTO_INCREMENT,
  `language_sv_name` varchar(50) CHARACTER SET utf8mb4 COLLATE utf8mb4_general_ci NOT NULL,
  `language_fi_name` varchar(50) CHAR...
[02-Jun-2025 11:22:42 Europe/Helsinki] Error executing statement during restore: SQLSTATE[42S01]: Base table or view already exists: 1050 Table 'newsletter_subscriber' already exists
[02-Jun-2025 11:22:42 Europe/Helsinki] Statement: CREATE TABLE `newsletter_subscriber` (
  `subscriber_id` int NOT NULL AUTO_INCREMENT,
  `subscriber_email` varchar(100) CHARACTER SET utf8mb4 COLLATE utf8mb4_general_ci NOT NULL,
  `subscriber_name` v...
[02-Jun-2025 11:22:42 Europe/Helsinki] Error executing statement during restore: SQLSTATE[42S01]: Base table or view already exists: 1050 Table 'product' already exists
[02-Jun-2025 11:22:42 Europe/Helsinki] Statement: CREATE TABLE `product` (
  `prod_id` int NOT NULL AUTO_INCREMENT,
  `title` varchar(255) CHARACTER SET utf8mb4 COLLATE utf8mb4_general_ci NOT NULL,
  `status` int DEFAULT NULL,
  `shelf_id` int DEFAUL...
[02-Jun-2025 11:22:42 Europe/Helsinki] Error executing statement during restore: SQLSTATE[23000]: Integrity constraint violation: 1062 Duplicate entry '101' for key 'product.PRIMARY'
[02-Jun-2025 11:22:42 Europe/Helsinki] Statement: INSERT INTO `product` (`prod_id`, `title`, `status`, `shelf_id`, `category_id`, `price`, `condition_id`, `notes`, `internal_notes`, `year`, `publisher`, `special_price`, `recommended`, `rare`, `date_a...
[02-Jun-2025 11:22:42 Europe/Helsinki] Error executing statement during restore: SQLSTATE[42S01]: Base table or view already exists: 1050 Table 'product_author' already exists
[02-Jun-2025 11:22:42 Europe/Helsinki] Statement: CREATE TABLE `product_author` (
  `product_author_id` int NOT NULL AUTO_INCREMENT,
  `product_id` int DEFAULT NULL,
  `author_id` int DEFAULT NULL,
  PRIMARY KEY (`product_author_id`),
  UNIQUE KEY `u...
[02-Jun-2025 11:22:42 Europe/Helsinki] Error executing statement during restore: SQLSTATE[23000]: Integrity constraint violation: 1062 Duplicate entry '100' for key 'product_author.PRIMARY'
[02-Jun-2025 11:22:42 Europe/Helsinki] Statement: INSERT INTO `product_author` (`product_author_id`, `product_id`, `author_id`) VALUES
('100', '100', '50'),
('132', '113', '9'),
('133', '113', '66'),
('101', '116', '51'),
('102', '117', '51'),
('103'...
[02-Jun-2025 11:22:42 Europe/Helsinki] Error executing statement during restore: SQLSTATE[42S01]: Base table or view already exists: 1050 Table 'product_genre' already exists
[02-Jun-2025 11:22:42 Europe/Helsinki] Statement: CREATE TABLE `product_genre` (
  `product_genre_id` int NOT NULL AUTO_INCREMENT,
  `product_id` int DEFAULT NULL,
  `genre_id` int DEFAULT NULL,
  PRIMARY KEY (`product_genre_id`),
  UNIQUE KEY `uniqu...
[02-Jun-2025 11:22:42 Europe/Helsinki] Error executing statement during restore: SQLSTATE[23000]: Integrity constraint violation: 1062 Duplicate entry '101' for key 'product_genre.PRIMARY'
[02-Jun-2025 11:22:42 Europe/Helsinki] Statement: INSERT INTO `product_genre` (`product_genre_id`, `product_id`, `genre_id`) VALUES
('101', '101', '11'),
('102', '102', '11'),
('103', '103', '11'),
('104', '104', '11'),
('105', '105', '11'),
('106', ...
[02-Jun-2025 11:22:42 Europe/Helsinki] Error executing statement during restore: SQLSTATE[42S01]: Base table or view already exists: 1050 Table 'shelf' already exists
[02-Jun-2025 11:22:42 Europe/Helsinki] Statement: CREATE TABLE `shelf` (
  `shelf_id` int NOT NULL AUTO_INCREMENT,
  `shelf_sv_name` varchar(100) CHARACTER SET utf8mb4 COLLATE utf8mb4_general_ci NOT NULL,
  `shelf_fi_name` varchar(100) CHARACTER SET ...
[02-Jun-2025 11:22:42 Europe/Helsinki] Error executing statement during restore: SQLSTATE[42S01]: Base table or view already exists: 1050 Table 'status' already exists
[02-Jun-2025 11:22:42 Europe/Helsinki] Statement: CREATE TABLE `status` (
  `status_id` int NOT NULL AUTO_INCREMENT,
  `status_sv_name` varchar(50) CHARACTER SET utf8mb4 COLLATE utf8mb4_general_ci NOT NULL,
  `status_fi_name` varchar(50) CHARACTER SE...
[02-Jun-2025 11:22:42 Europe/Helsinki] Error executing statement during restore: SQLSTATE[42S01]: Base table or view already exists: 1050 Table 'user' already exists
[02-Jun-2025 11:22:42 Europe/Helsinki] Statement: CREATE TABLE `user` (
  `user_id` int NOT NULL AUTO_INCREMENT,
  `user_username` varchar(50) CHARACTER SET utf8mb4 COLLATE utf8mb4_general_ci NOT NULL,
  `user_password_hash` varchar(255) CHARACTER SE...
[02-Jun-2025 11:22:42 Europe/Helsinki] Error logging restore event: SQLSTATE[42S22]: Column not found: 1054 Unknown column 'created_at' in 'field list'
[02-Jun-2025 11:23:18 Europe/Helsinki] Error logging backup event: SQLSTATE[42S22]: Column not found: 1054 Unknown column 'created_at' in 'field list'
[02-Jun-2025 11:23:18 Europe/Helsinki] Error executing statement during restore: SQLSTATE[42S01]: Base table or view already exists: 1050 Table 'author' already exists
[02-Jun-2025 11:23:18 Europe/Helsinki] Statement: CREATE TABLE `author` (
  `author_id` int NOT NULL AUTO_INCREMENT,
  `author_name` varchar(200) CHARACTER SET utf8mb4 COLLATE utf8mb4_general_ci NOT NULL,
  PRIMARY KEY (`author_id`)
) ENGINE=InnoDB A...
[02-Jun-2025 11:23:18 Europe/Helsinki] Error executing statement during restore: SQLSTATE[42S01]: Base table or view already exists: 1050 Table 'category' already exists
[02-Jun-2025 11:23:18 Europe/Helsinki] Statement: CREATE TABLE `category` (
  `category_id` int NOT NULL AUTO_INCREMENT,
  `category_sv_name` varchar(100) CHARACTER SET utf8mb4 COLLATE utf8mb4_general_ci NOT NULL,
  `category_fi_name` varchar(100) CH...
[02-Jun-2025 11:23:18 Europe/Helsinki] Error executing statement during restore: SQLSTATE[42S01]: Base table or view already exists: 1050 Table 'condition' already exists
[02-Jun-2025 11:23:18 Europe/Helsinki] Statement: CREATE TABLE `condition` (
  `condition_id` int NOT NULL AUTO_INCREMENT,
  `condition_sv_name` varchar(50) CHARACTER SET utf8mb4 COLLATE utf8mb4_general_ci NOT NULL,
  `condition_fi_name` varchar(50) ...
[02-Jun-2025 11:23:18 Europe/Helsinki] Error executing statement during restore: SQLSTATE[42S01]: Base table or view already exists: 1050 Table 'event_log' already exists
[02-Jun-2025 11:23:18 Europe/Helsinki] Statement: CREATE TABLE `event_log` (
  `event_id` int NOT NULL AUTO_INCREMENT,
  `user_id` int DEFAULT NULL,
  `event_type` varchar(50) CHARACTER SET utf8mb4 COLLATE utf8mb4_general_ci NOT NULL,
  `event_descri...
[02-Jun-2025 11:23:18 Europe/Helsinki] Error executing statement during restore: SQLSTATE[42S01]: Base table or view already exists: 1050 Table 'genre' already exists
[02-Jun-2025 11:23:18 Europe/Helsinki] Statement: CREATE TABLE `genre` (
  `genre_id` int NOT NULL AUTO_INCREMENT,
  `genre_sv_name` varchar(100) CHARACTER SET utf8mb4 COLLATE utf8mb4_general_ci NOT NULL,
  `genre_fi_name` varchar(100) CHARACTER SET ...
[02-Jun-2025 11:23:18 Europe/Helsinki] Error executing statement during restore: SQLSTATE[42S01]: Base table or view already exists: 1050 Table 'image' already exists
[02-Jun-2025 11:23:18 Europe/Helsinki] Statement: CREATE TABLE `image` (
  `image_id` int NOT NULL AUTO_INCREMENT,
  `prod_id` int DEFAULT NULL,
  `image_path` varchar(255) CHARACTER SET utf8mb4 COLLATE utf8mb4_general_ci NOT NULL,
  `image_uploaded_...
[02-Jun-2025 11:23:18 Europe/Helsinki] Error executing statement during restore: SQLSTATE[23000]: Integrity constraint violation: 1062 Duplicate entry '111' for key 'image.PRIMARY'
[02-Jun-2025 11:23:18 Europe/Helsinki] Statement: INSERT INTO `image` (`image_id`, `prod_id`, `image_path`, `image_uploaded_at`) VALUES
('104', '104', 'assets/uploads/products/ka-object-04.webp', '2025-05-28 06:35:00'),
('105', '105', 'assets/uploads...
[02-Jun-2025 11:23:18 Europe/Helsinki] Error executing statement during restore: SQLSTATE[23000]: Integrity constraint violation: 1062 Duplicate entry '205' for key 'image.PRIMARY'
[02-Jun-2025 11:23:18 Europe/Helsinki] Statement: INSERT INTO `image` (`image_id`, `prod_id`, `image_path`, `image_uploaded_at`) VALUES
('204', '55', 'assets/uploads/products/ka-random-108.webp', '2025-05-28 06:35:00'),
('205', '59', 'assets/uploads/...
[02-Jun-2025 11:23:18 Europe/Helsinki] Error executing statement during restore: SQLSTATE[42S01]: Base table or view already exists: 1050 Table 'language' already exists
[02-Jun-2025 11:23:18 Europe/Helsinki] Statement: CREATE TABLE `language` (
  `language_id` int NOT NULL AUTO_INCREMENT,
  `language_sv_name` varchar(50) CHARACTER SET utf8mb4 COLLATE utf8mb4_general_ci NOT NULL,
  `language_fi_name` varchar(50) CHAR...
[02-Jun-2025 11:23:18 Europe/Helsinki] Error executing statement during restore: SQLSTATE[42S01]: Base table or view already exists: 1050 Table 'newsletter_subscriber' already exists
[02-Jun-2025 11:23:18 Europe/Helsinki] Statement: CREATE TABLE `newsletter_subscriber` (
  `subscriber_id` int NOT NULL AUTO_INCREMENT,
  `subscriber_email` varchar(100) CHARACTER SET utf8mb4 COLLATE utf8mb4_general_ci NOT NULL,
  `subscriber_name` v...
[02-Jun-2025 11:23:18 Europe/Helsinki] Error executing statement during restore: SQLSTATE[42S01]: Base table or view already exists: 1050 Table 'product' already exists
[02-Jun-2025 11:23:18 Europe/Helsinki] Statement: CREATE TABLE `product` (
  `prod_id` int NOT NULL AUTO_INCREMENT,
  `title` varchar(255) CHARACTER SET utf8mb4 COLLATE utf8mb4_general_ci NOT NULL,
  `status` int DEFAULT NULL,
  `shelf_id` int DEFAUL...
[02-Jun-2025 11:23:18 Europe/Helsinki] Error executing statement during restore: SQLSTATE[23000]: Integrity constraint violation: 1062 Duplicate entry '101' for key 'product.PRIMARY'
[02-Jun-2025 11:23:18 Europe/Helsinki] Statement: INSERT INTO `product` (`prod_id`, `title`, `status`, `shelf_id`, `category_id`, `price`, `condition_id`, `notes`, `internal_notes`, `year`, `publisher`, `special_price`, `recommended`, `rare`, `date_a...
[02-Jun-2025 11:23:18 Europe/Helsinki] Error executing statement during restore: SQLSTATE[42S01]: Base table or view already exists: 1050 Table 'product_author' already exists
[02-Jun-2025 11:23:18 Europe/Helsinki] Statement: CREATE TABLE `product_author` (
  `product_author_id` int NOT NULL AUTO_INCREMENT,
  `product_id` int DEFAULT NULL,
  `author_id` int DEFAULT NULL,
  PRIMARY KEY (`product_author_id`),
  UNIQUE KEY `u...
[02-Jun-2025 11:23:18 Europe/Helsinki] Error executing statement during restore: SQLSTATE[23000]: Integrity constraint violation: 1062 Duplicate entry '100' for key 'product_author.PRIMARY'
[02-Jun-2025 11:23:18 Europe/Helsinki] Statement: INSERT INTO `product_author` (`product_author_id`, `product_id`, `author_id`) VALUES
('100', '100', '50'),
('132', '113', '9'),
('133', '113', '66'),
('101', '116', '51'),
('102', '117', '51'),
('103'...
[02-Jun-2025 11:23:18 Europe/Helsinki] Error executing statement during restore: SQLSTATE[42S01]: Base table or view already exists: 1050 Table 'product_genre' already exists
[02-Jun-2025 11:23:18 Europe/Helsinki] Statement: CREATE TABLE `product_genre` (
  `product_genre_id` int NOT NULL AUTO_INCREMENT,
  `product_id` int DEFAULT NULL,
  `genre_id` int DEFAULT NULL,
  PRIMARY KEY (`product_genre_id`),
  UNIQUE KEY `uniqu...
[02-Jun-2025 11:23:18 Europe/Helsinki] Error executing statement during restore: SQLSTATE[23000]: Integrity constraint violation: 1062 Duplicate entry '101' for key 'product_genre.PRIMARY'
[02-Jun-2025 11:23:18 Europe/Helsinki] Statement: INSERT INTO `product_genre` (`product_genre_id`, `product_id`, `genre_id`) VALUES
('101', '101', '11'),
('102', '102', '11'),
('103', '103', '11'),
('104', '104', '11'),
('105', '105', '11'),
('106', ...
[02-Jun-2025 11:23:18 Europe/Helsinki] Error executing statement during restore: SQLSTATE[42S01]: Base table or view already exists: 1050 Table 'shelf' already exists
[02-Jun-2025 11:23:18 Europe/Helsinki] Statement: CREATE TABLE `shelf` (
  `shelf_id` int NOT NULL AUTO_INCREMENT,
  `shelf_sv_name` varchar(100) CHARACTER SET utf8mb4 COLLATE utf8mb4_general_ci NOT NULL,
  `shelf_fi_name` varchar(100) CHARACTER SET ...
[02-Jun-2025 11:23:18 Europe/Helsinki] Error executing statement during restore: SQLSTATE[42S01]: Base table or view already exists: 1050 Table 'status' already exists
[02-Jun-2025 11:23:18 Europe/Helsinki] Statement: CREATE TABLE `status` (
  `status_id` int NOT NULL AUTO_INCREMENT,
  `status_sv_name` varchar(50) CHARACTER SET utf8mb4 COLLATE utf8mb4_general_ci NOT NULL,
  `status_fi_name` varchar(50) CHARACTER SE...
[02-Jun-2025 11:23:18 Europe/Helsinki] Error executing statement during restore: SQLSTATE[42S01]: Base table or view already exists: 1050 Table 'user' already exists
[02-Jun-2025 11:23:18 Europe/Helsinki] Statement: CREATE TABLE `user` (
  `user_id` int NOT NULL AUTO_INCREMENT,
  `user_username` varchar(50) CHARACTER SET utf8mb4 COLLATE utf8mb4_general_ci NOT NULL,
  `user_password_hash` varchar(255) CHARACTER SE...
[02-Jun-2025 11:23:18 Europe/Helsinki] Error logging restore event: SQLSTATE[42S22]: Column not found: 1054 Unknown column 'created_at' in 'field list'
[02-Jun-2025 11:25:06 Europe/Helsinki] Error logging backup event: SQLSTATE[42S22]: Column not found: 1054 Unknown column 'created_at' in 'field list'
[02-Jun-2025 11:25:06 Europe/Helsinki] Restore: Dropped table
[02-Jun-2025 11:25:06 Europe/Helsinki] Restore: Created table
[02-Jun-2025 11:25:06 Europe/Helsinki] Restore: Inserted data (68 rows affected)
[02-Jun-2025 11:25:06 Europe/Helsinki] Restore: Dropped table
[02-Jun-2025 11:25:06 Europe/Helsinki] Restore: Created table
[02-Jun-2025 11:25:06 Europe/Helsinki] Restore: Inserted data (8 rows affected)
[02-Jun-2025 11:25:06 Europe/Helsinki] Restore: Dropped table
[02-Jun-2025 11:25:06 Europe/Helsinki] Restore: Created table
[02-Jun-2025 11:25:06 Europe/Helsinki] Restore: Inserted data (4 rows affected)
[02-Jun-2025 11:25:06 Europe/Helsinki] Restore: Dropped table
[02-Jun-2025 11:25:06 Europe/Helsinki] Restore: Created table
[02-Jun-2025 11:25:06 Europe/Helsinki] Restore: Inserted data (96 rows affected)
[02-Jun-2025 11:25:06 Europe/Helsinki] Restore: Dropped table
[02-Jun-2025 11:25:06 Europe/Helsinki] Restore: Created table
[02-Jun-2025 11:25:06 Europe/Helsinki] Restore: Inserted data (10 rows affected)
[02-Jun-2025 11:25:06 Europe/Helsinki] Restore: Dropped table
[02-Jun-2025 11:25:06 Europe/Helsinki] Restore: Created table
[02-Jun-2025 11:25:06 Europe/Helsinki] Restore: Inserted data (100 rows affected)
[02-Jun-2025 11:25:06 Europe/Helsinki] Restore: Inserted data (100 rows affected)
[02-Jun-2025 11:25:06 Europe/Helsinki] Restore: Inserted data (80 rows affected)
[02-Jun-2025 11:25:06 Europe/Helsinki] Restore: Dropped table
[02-Jun-2025 11:25:07 Europe/Helsinki] Restore: Created table
[02-Jun-2025 11:25:07 Europe/Helsinki] Restore: Inserted data (8 rows affected)
[02-Jun-2025 11:25:07 Europe/Helsinki] Restore: Dropped table
[02-Jun-2025 11:25:07 Europe/Helsinki] Restore: Created table
[02-Jun-2025 11:25:07 Europe/Helsinki] Restore: Inserted data (42 rows affected)
[02-Jun-2025 11:25:07 Europe/Helsinki] Restore: Dropped table
[02-Jun-2025 11:25:07 Europe/Helsinki] Restore: Created table
[02-Jun-2025 11:25:07 Europe/Helsinki] Restore: Inserted data (100 rows affected)
[02-Jun-2025 11:25:07 Europe/Helsinki] Restore: Inserted data (51 rows affected)
[02-Jun-2025 11:25:07 Europe/Helsinki] Restore: Dropped table
[02-Jun-2025 11:25:07 Europe/Helsinki] Restore: Created table
[02-Jun-2025 11:25:07 Europe/Helsinki] Restore: Inserted data (100 rows affected)
[02-Jun-2025 11:25:07 Europe/Helsinki] Restore: Inserted data (27 rows affected)
[02-Jun-2025 11:25:07 Europe/Helsinki] Restore: Dropped table
[02-Jun-2025 11:25:07 Europe/Helsinki] Restore: Created table
[02-Jun-2025 11:25:07 Europe/Helsinki] Restore: Inserted data (100 rows affected)
[02-Jun-2025 11:25:07 Europe/Helsinki] Restore: Inserted data (50 rows affected)
[02-Jun-2025 11:25:07 Europe/Helsinki] Restore: Dropped table
[02-Jun-2025 11:25:07 Europe/Helsinki] Restore: Created table
[02-Jun-2025 11:25:07 Europe/Helsinki] Restore: Inserted data (6 rows affected)
[02-Jun-2025 11:25:07 Europe/Helsinki] Restore: Dropped table
[02-Jun-2025 11:25:07 Europe/Helsinki] Restore: Created table
[02-Jun-2025 11:25:07 Europe/Helsinki] Restore: Inserted data (2 rows affected)
[02-Jun-2025 11:25:07 Europe/Helsinki] Restore: Dropped table
[02-Jun-2025 11:25:07 Europe/Helsinki] Restore: Created table
[02-Jun-2025 11:25:07 Europe/Helsinki] Restore: Inserted data (2 rows affected)
[02-Jun-2025 11:25:07 Europe/Helsinki] Database restore error: There is no active transaction
[02-Jun-2025 11:26:29 Europe/Helsinki] Error logging backup event: SQLSTATE[42S22]: Column not found: 1054 Unknown column 'created_at' in 'field list'
[02-Jun-2025 11:28:28 Europe/Helsinki] Error logging backup event: SQLSTATE[42S22]: Column not found: 1054 Unknown column 'created_at' in 'field list'
[02-Jun-2025 11:28:30 Europe/Helsinki] Error logging backup event: SQLSTATE[42S22]: Column not found: 1054 Unknown column 'created_at' in 'field list'
[02-Jun-2025 11:28:31 Europe/Helsinki] Error logging backup event: SQLSTATE[42S22]: Column not found: 1054 Unknown column 'created_at' in 'field list'
[02-Jun-2025 11:28:40 Europe/Helsinki] Error logging backup event: SQLSTATE[42S22]: Column not found: 1054 Unknown column 'created_at' in 'field list'
[02-Jun-2025 11:28:41 Europe/Helsinki] Error logging backup event: SQLSTATE[42S22]: Column not found: 1054 Unknown column 'created_at' in 'field list'
[02-Jun-2025 11:28:42 Europe/Helsinki] Error logging backup event: SQLSTATE[42S22]: Column not found: 1054 Unknown column 'created_at' in 'field list'
[02-Jun-2025 11:28:43 Europe/Helsinki] Error logging backup event: SQLSTATE[42S22]: Column not found: 1054 Unknown column 'created_at' in 'field list'
[02-Jun-2025 11:28:46 Europe/Helsinki] Error logging backup event: SQLSTATE[42S22]: Column not found: 1054 Unknown column 'created_at' in 'field list'
[02-Jun-2025 11:28:47 Europe/Helsinki] Error logging backup event: SQLSTATE[42S22]: Column not found: 1054 Unknown column 'created_at' in 'field list'
[02-Jun-2025 11:28:49 Europe/Helsinki] Error logging backup event: SQLSTATE[42S22]: Column not found: 1054 Unknown column 'created_at' in 'field list'
[02-Jun-2025 11:28:50 Europe/Helsinki] Error logging backup event: SQLSTATE[42S22]: Column not found: 1054 Unknown column 'created_at' in 'field list'
[02-Jun-2025 11:28:53 Europe/Helsinki] Error logging backup event: SQLSTATE[42S22]: Column not found: 1054 Unknown column 'created_at' in 'field list'
[02-Jun-2025 11:28:53 Europe/Helsinki] Error logging backup event: SQLSTATE[42S22]: Column not found: 1054 Unknown column 'created_at' in 'field list'
[02-Jun-2025 11:28:53 Europe/Helsinki] Cleanup: Deleted old backup: karis_inventory_backup_2025-05-26_13-50-01.sql.gz
[02-Jun-2025 11:28:53 Europe/Helsinki] Error logging cleanup event: SQLSTATE[42S22]: Column not found: 1054 Unknown column 'created_at' in 'field list'
[02-Jun-2025 11:28:54 Europe/Helsinki] Error logging backup event: SQLSTATE[42S22]: Column not found: 1054 Unknown column 'created_at' in 'field list'
[02-Jun-2025 11:28:54 Europe/Helsinki] Cleanup: Deleted old backup: karis_inventory_backup_2025-05-26_13-41-17.sql.gz
[02-Jun-2025 11:28:54 Europe/Helsinki] Error logging cleanup event: SQLSTATE[42S22]: Column not found: 1054 Unknown column 'created_at' in 'field list'
[02-Jun-2025 11:29:04 Europe/Helsinki] Error logging backup event: SQLSTATE[42S22]: Column not found: 1054 Unknown column 'created_at' in 'field list'
[02-Jun-2025 11:29:04 Europe/Helsinki] Cleanup: Deleted old backup: karis_inventory_backup_2025-05-26_13-20-29.sql.gz
[02-Jun-2025 11:29:04 Europe/Helsinki] Error logging cleanup event: SQLSTATE[42S22]: Column not found: 1054 Unknown column 'created_at' in 'field list'
